{"C:\\Users\\Usuario\\blog-api\\src\\application\\dtos\\postAction.dto.ts": {"path":"C:\\Users\\Usuario\\blog-api\\src\\application\\dtos\\postAction.dto.ts","statementMap":{"0":{"start":{"line":3,"column":13},"end":{"line":3,"column":27}},"1":{"start":{"line":4,"column":13},"end":{"line":4,"column":27}},"2":{"start":{"line":9,"column":6},"end":{"line":11,"column":7}},"3":{"start":{"line":10,"column":8},"end":{"line":10,"column":61}},"4":{"start":{"line":12,"column":6},"end":{"line":14,"column":7}},"5":{"start":{"line":13,"column":8},"end":{"line":13,"column":61}},"6":{"start":{"line":1,"column":0},"end":{"line":1,"column":13}}},"fnMap":{"0":{"name":"(anonymous_0)","decl":{"start":{"line":2,"column":4},"end":{"line":2,"column":null}},"loc":{"start":{"line":4,"column":27},"end":{"line":5,"column":8}}},"1":{"name":"(anonymous_1)","decl":{"start":{"line":8,"column":4},"end":{"line":8,"column":10}},"loc":{"start":{"line":8,"column":38},"end":{"line":15,"column":5}}}},"branchMap":{"0":{"loc":{"start":{"line":9,"column":6},"end":{"line":11,"column":7}},"type":"if","locations":[{"start":{"line":9,"column":6},"end":{"line":11,"column":7}}]},"1":{"loc":{"start":{"line":9,"column":10},"end":{"line":9,"column":42}},"type":"binary-expr","locations":[{"start":{"line":9,"column":10},"end":{"line":9,"column":21}},{"start":{"line":9,"column":25},"end":{"line":9,"column":42}}]},"2":{"loc":{"start":{"line":12,"column":6},"end":{"line":14,"column":7}},"type":"if","locations":[{"start":{"line":12,"column":6},"end":{"line":14,"column":7}}]},"3":{"loc":{"start":{"line":12,"column":10},"end":{"line":12,"column":42}},"type":"binary-expr","locations":[{"start":{"line":12,"column":10},"end":{"line":12,"column":21}},{"start":{"line":12,"column":25},"end":{"line":12,"column":42}}]}},"s":{"0":7,"1":7,"2":2,"3":1,"4":1,"5":0,"6":1},"f":{"0":7,"1":2},"b":{"0":[1],"1":[2,1],"2":[0],"3":[1,1]}}
,"C:\\Users\\Usuario\\blog-api\\src\\application\\services\\AuthService.ts": {"path":"C:\\Users\\Usuario\\blog-api\\src\\application\\services\\AuthService.ts","statementMap":{"0":{"start":{"line":1,"column":0},"end":{"line":1,"column":56}},"1":{"start":{"line":3,"column":0},"end":{"line":3,"column":52}},"2":{"start":{"line":4,"column":0},"end":{"line":4,"column":30}},"3":{"start":{"line":7,"column":22},"end":{"line":7,"column":53}},"4":{"start":{"line":19,"column":32},"end":{"line":19,"column":76}},"5":{"start":{"line":20,"column":4},"end":{"line":22,"column":5}},"6":{"start":{"line":21,"column":6},"end":{"line":21,"column":55}},"7":{"start":{"line":25,"column":35},"end":{"line":25,"column":85}},"8":{"start":{"line":26,"column":4},"end":{"line":28,"column":5}},"9":{"start":{"line":27,"column":6},"end":{"line":27,"column":65}},"10":{"start":{"line":31,"column":27},"end":{"line":31,"column":58}},"11":{"start":{"line":34,"column":21},"end":{"line":34,"column":68}},"12":{"start":{"line":35,"column":17},"end":{"line":36,"column":null}},"13":{"start":{"line":40,"column":18},"end":{"line":40,"column":78}},"14":{"start":{"line":42,"column":4},"end":{"line":42,"column":27}},"15":{"start":{"line":53,"column":17},"end":{"line":53,"column":61}},"16":{"start":{"line":54,"column":4},"end":{"line":56,"column":5}},"17":{"start":{"line":55,"column":6},"end":{"line":55,"column":57}},"18":{"start":{"line":59,"column":28},"end":{"line":59,"column":73}},"19":{"start":{"line":60,"column":4},"end":{"line":62,"column":5}},"20":{"start":{"line":61,"column":6},"end":{"line":61,"column":57}},"21":{"start":{"line":65,"column":18},"end":{"line":65,"column":78}},"22":{"start":{"line":67,"column":4},"end":{"line":67,"column":27}},"23":{"start":{"line":73,"column":4},"end":{"line":85,"column":5}},"24":{"start":{"line":75,"column":22},"end":{"line":75,"column":53}},"25":{"start":{"line":77,"column":6},"end":{"line":82,"column":7}},"26":{"start":{"line":79,"column":8},"end":{"line":79,"column":43}},"27":{"start":{"line":81,"column":8},"end":{"line":81,"column":42}},"28":{"start":{"line":84,"column":6},"end":{"line":84,"column":51}},"29":{"start":{"line":92,"column":4},"end":{"line":104,"column":5}},"30":{"start":{"line":94,"column":22},"end":{"line":94,"column":53}},"31":{"start":{"line":96,"column":6},"end":{"line":101,"column":7}},"32":{"start":{"line":98,"column":8},"end":{"line":98,"column":51}},"33":{"start":{"line":100,"column":8},"end":{"line":100,"column":42}},"34":{"start":{"line":103,"column":6},"end":{"line":103,"column":51}},"35":{"start":{"line":6,"column":0},"end":{"line":6,"column":13}},"36":{"start":{"line":110,"column":0},"end":{"line":110,"column":27}}},"fnMap":{"0":{"name":"(anonymous_8)","decl":{"start":{"line":7,"column":2},"end":{"line":7,"column":22}},"loc":{"start":{"line":7,"column":53},"end":{"line":7,"column":57}}},"1":{"name":"(anonymous_9)","decl":{"start":{"line":12,"column":8},"end":{"line":12,"column":17}},"loc":{"start":{"line":16,"column":16},"end":{"line":43,"column":null}}},"2":{"name":"(anonymous_11)","decl":{"start":{"line":48,"column":8},"end":{"line":48,"column":21}},"loc":{"start":{"line":50,"column":20},"end":{"line":68,"column":null}}},"3":{"name":"(anonymous_13)","decl":{"start":{"line":72,"column":8},"end":{"line":72,"column":20}},"loc":{"start":{"line":72,"column":34},"end":{"line":86,"column":null}}},"4":{"name":"(anonymous_15)","decl":{"start":{"line":91,"column":8},"end":{"line":91,"column":22}},"loc":{"start":{"line":91,"column":36},"end":{"line":105,"column":null}}}},"branchMap":{"0":{"loc":{"start":{"line":20,"column":4},"end":{"line":22,"column":5}},"type":"if","locations":[{"start":{"line":20,"column":4},"end":{"line":22,"column":5}}]},"1":{"loc":{"start":{"line":26,"column":4},"end":{"line":28,"column":5}},"type":"if","locations":[{"start":{"line":26,"column":4},"end":{"line":28,"column":5}}]},"2":{"loc":{"start":{"line":34,"column":21},"end":{"line":34,"column":68}},"type":"cond-expr","locations":[{"start":{"line":34,"column":40},"end":{"line":34,"column":50}},{"start":{"line":34,"column":53},"end":{"line":34,"column":68}}]},"3":{"loc":{"start":{"line":54,"column":4},"end":{"line":56,"column":5}},"type":"if","locations":[{"start":{"line":54,"column":4},"end":{"line":56,"column":5}}]},"4":{"loc":{"start":{"line":60,"column":4},"end":{"line":62,"column":5}},"type":"if","locations":[{"start":{"line":60,"column":4},"end":{"line":62,"column":5}}]},"5":{"loc":{"start":{"line":77,"column":6},"end":{"line":82,"column":7}},"type":"if","locations":[{"start":{"line":77,"column":6},"end":{"line":82,"column":7}},{"start":{"line":80,"column":13},"end":{"line":82,"column":7}}]},"6":{"loc":{"start":{"line":77,"column":10},"end":{"line":77,"column":88}},"type":"binary-expr","locations":[{"start":{"line":77,"column":10},"end":{"line":77,"column":17}},{"start":{"line":77,"column":21},"end":{"line":77,"column":48}},{"start":{"line":77,"column":52},"end":{"line":77,"column":67}},{"start":{"line":77,"column":71},"end":{"line":77,"column":88}}]},"7":{"loc":{"start":{"line":96,"column":6},"end":{"line":101,"column":7}},"type":"if","locations":[{"start":{"line":96,"column":6},"end":{"line":101,"column":7}},{"start":{"line":99,"column":13},"end":{"line":101,"column":7}}]},"8":{"loc":{"start":{"line":96,"column":10},"end":{"line":96,"column":88}},"type":"binary-expr","locations":[{"start":{"line":96,"column":10},"end":{"line":96,"column":17}},{"start":{"line":96,"column":21},"end":{"line":96,"column":48}},{"start":{"line":96,"column":52},"end":{"line":96,"column":67}},{"start":{"line":96,"column":71},"end":{"line":96,"column":88}}]}},"s":{"0":1,"1":1,"2":1,"3":0,"4":0,"5":0,"6":0,"7":0,"8":0,"9":0,"10":0,"11":0,"12":0,"13":0,"14":0,"15":0,"16":0,"17":0,"18":0,"19":0,"20":0,"21":0,"22":0,"23":0,"24":0,"25":0,"26":0,"27":0,"28":0,"29":0,"30":0,"31":0,"32":0,"33":0,"34":0,"35":1,"36":1},"f":{"0":0,"1":0,"2":0,"3":0,"4":0},"b":{"0":[0],"1":[0],"2":[0,0],"3":[0],"4":[0],"5":[0,0],"6":[0,0,0,0],"7":[0,0],"8":[0,0,0,0]}}
,"C:\\Users\\Usuario\\blog-api\\src\\application\\services\\postService.ts": {"path":"C:\\Users\\Usuario\\blog-api\\src\\application\\services\\postService.ts","statementMap":{"0":{"start":{"line":1,"column":0},"end":{"line":1,"column":50}},"1":{"start":{"line":3,"column":0},"end":{"line":3,"column":55}},"2":{"start":{"line":6,"column":31},"end":{"line":6,"column":62}},"3":{"start":{"line":9,"column":4},"end":{"line":11,"column":5}},"4":{"start":{"line":10,"column":6},"end":{"line":10,"column":75}},"5":{"start":{"line":13,"column":17},"end":{"line":13,"column":54}},"6":{"start":{"line":14,"column":4},"end":{"line":14,"column":41}},"7":{"start":{"line":15,"column":4},"end":{"line":15,"column":16}},"8":{"start":{"line":19,"column":4},"end":{"line":19,"column":44}},"9":{"start":{"line":23,"column":4},"end":{"line":23,"column":41}},"10":{"start":{"line":27,"column":4},"end":{"line":27,"column":43}},"11":{"start":{"line":28,"column":4},"end":{"line":28,"column":16}},"12":{"start":{"line":32,"column":4},"end":{"line":32,"column":53}},"13":{"start":{"line":36,"column":4},"end":{"line":36,"column":32}},"14":{"start":{"line":38,"column":17},"end":{"line":38,"column":79}},"15":{"start":{"line":40,"column":4},"end":{"line":42,"column":5}},"16":{"start":{"line":41,"column":6},"end":{"line":41,"column":40}},"17":{"start":{"line":44,"column":4},"end":{"line":46,"column":5}},"18":{"start":{"line":45,"column":6},"end":{"line":45,"column":60}},"19":{"start":{"line":48,"column":4},"end":{"line":50,"column":5}},"20":{"start":{"line":49,"column":6},"end":{"line":49,"column":49}},"21":{"start":{"line":52,"column":4},"end":{"line":52,"column":53}},"22":{"start":{"line":56,"column":4},"end":{"line":56,"column":32}},"23":{"start":{"line":58,"column":17},"end":{"line":58,"column":79}},"24":{"start":{"line":60,"column":4},"end":{"line":62,"column":5}},"25":{"start":{"line":61,"column":6},"end":{"line":61,"column":40}},"26":{"start":{"line":64,"column":4},"end":{"line":66,"column":5}},"27":{"start":{"line":65,"column":6},"end":{"line":65,"column":61}},"28":{"start":{"line":68,"column":4},"end":{"line":70,"column":5}},"29":{"start":{"line":69,"column":6},"end":{"line":69,"column":45}},"30":{"start":{"line":72,"column":4},"end":{"line":72,"column":50}},"31":{"start":{"line":76,"column":18},"end":{"line":76,"column":64}},"32":{"start":{"line":78,"column":4},"end":{"line":83,"column":7}},"33":{"start":{"line":79,"column":27},"end":{"line":79,"column":42}},"34":{"start":{"line":80,"column":25},"end":{"line":80,"column":96}},"35":{"start":{"line":82,"column":6},"end":{"line":82,"column":65}},"36":{"start":{"line":5,"column":0},"end":{"line":5,"column":13}},"37":{"start":{"line":87,"column":0},"end":{"line":87,"column":27}}},"fnMap":{"0":{"name":"(anonymous_7)","decl":{"start":{"line":6,"column":2},"end":{"line":6,"column":31}},"loc":{"start":{"line":6,"column":62},"end":{"line":6,"column":66}}},"1":{"name":"(anonymous_8)","decl":{"start":{"line":8,"column":8},"end":{"line":8,"column":18}},"loc":{"start":{"line":8,"column":67},"end":{"line":16,"column":null}}},"2":{"name":"(anonymous_10)","decl":{"start":{"line":18,"column":8},"end":{"line":18,"column":19}},"loc":{"start":{"line":18,"column":30},"end":{"line":20,"column":null}}},"3":{"name":"(anonymous_12)","decl":{"start":{"line":22,"column":8},"end":{"line":22,"column":19}},"loc":{"start":{"line":22,"column":19},"end":{"line":24,"column":null}}},"4":{"name":"(anonymous_14)","decl":{"start":{"line":26,"column":8},"end":{"line":26,"column":18}},"loc":{"start":{"line":26,"column":29},"end":{"line":29,"column":null}}},"5":{"name":"(anonymous_16)","decl":{"start":{"line":31,"column":8},"end":{"line":31,"column":20}},"loc":{"start":{"line":31,"column":35},"end":{"line":33,"column":null}}},"6":{"name":"(anonymous_18)","decl":{"start":{"line":35,"column":8},"end":{"line":35,"column":18}},"loc":{"start":{"line":35,"column":37},"end":{"line":53,"column":null}}},"7":{"name":"(anonymous_20)","decl":{"start":{"line":55,"column":8},"end":{"line":55,"column":19}},"loc":{"start":{"line":55,"column":38},"end":{"line":73,"column":null}}},"8":{"name":"(anonymous_22)","decl":{"start":{"line":75,"column":8},"end":{"line":75,"column":27}},"loc":{"start":{"line":75,"column":27},"end":{"line":84,"column":null}}},"9":{"name":"(anonymous_24)","decl":{"start":{"line":78,"column":21},"end":{"line":78,"column":25}},"loc":{"start":{"line":78,"column":28},"end":{"line":83,"column":5}}}},"branchMap":{"0":{"loc":{"start":{"line":9,"column":4},"end":{"line":11,"column":5}},"type":"if","locations":[{"start":{"line":9,"column":4},"end":{"line":11,"column":5}}]},"1":{"loc":{"start":{"line":9,"column":8},"end":{"line":9,"column":39}},"type":"binary-expr","locations":[{"start":{"line":9,"column":8},"end":{"line":9,"column":14}},{"start":{"line":9,"column":18},"end":{"line":9,"column":26}},{"start":{"line":9,"column":30},"end":{"line":9,"column":39}}]},"2":{"loc":{"start":{"line":40,"column":4},"end":{"line":42,"column":5}},"type":"if","locations":[{"start":{"line":40,"column":4},"end":{"line":42,"column":5}}]},"3":{"loc":{"start":{"line":44,"column":4},"end":{"line":46,"column":5}},"type":"if","locations":[{"start":{"line":44,"column":4},"end":{"line":46,"column":5}}]},"4":{"loc":{"start":{"line":48,"column":4},"end":{"line":50,"column":5}},"type":"if","locations":[{"start":{"line":48,"column":4},"end":{"line":50,"column":5}}]},"5":{"loc":{"start":{"line":60,"column":4},"end":{"line":62,"column":5}},"type":"if","locations":[{"start":{"line":60,"column":4},"end":{"line":62,"column":5}}]},"6":{"loc":{"start":{"line":64,"column":4},"end":{"line":66,"column":5}},"type":"if","locations":[{"start":{"line":64,"column":4},"end":{"line":66,"column":5}}]},"7":{"loc":{"start":{"line":68,"column":4},"end":{"line":70,"column":5}},"type":"if","locations":[{"start":{"line":68,"column":4},"end":{"line":70,"column":5}}]},"8":{"loc":{"start":{"line":80,"column":58},"end":{"line":80,"column":78}},"type":"binary-expr","locations":[{"start":{"line":80,"column":58},"end":{"line":80,"column":73}},{"start":{"line":80,"column":77},"end":{"line":80,"column":78}}]},"9":{"loc":{"start":{"line":80,"column":80},"end":{"line":80,"column":95}},"type":"binary-expr","locations":[{"start":{"line":80,"column":80},"end":{"line":80,"column":90}},{"start":{"line":80,"column":94},"end":{"line":80,"column":95}}]}},"s":{"0":1,"1":1,"2":29,"3":1,"4":1,"5":0,"6":0,"7":0,"8":2,"9":0,"10":0,"11":0,"12":0,"13":1,"14":0,"15":0,"16":0,"17":0,"18":0,"19":0,"20":0,"21":0,"22":1,"23":1,"24":0,"25":0,"26":0,"27":0,"28":0,"29":0,"30":0,"31":0,"32":0,"33":0,"34":0,"35":0,"36":1,"37":1},"f":{"0":29,"1":1,"2":2,"3":0,"4":0,"5":0,"6":1,"7":1,"8":0,"9":0},"b":{"0":[1],"1":[1,0,0],"2":[0],"3":[0],"4":[0],"5":[0],"6":[0],"7":[0],"8":[0,0],"9":[0,0]}}
,"C:\\Users\\Usuario\\blog-api\\src\\application\\services\\tokenService.ts": {"path":"C:\\Users\\Usuario\\blog-api\\src\\application\\services\\tokenService.ts","statementMap":{"0":{"start":{"line":2,"column":0},"end":{"line":2,"column":31}},"1":{"start":{"line":4,"column":15},"end":{"line":4,"column":56}},"2":{"start":{"line":8,"column":4},"end":{"line":8,"column":58}},"3":{"start":{"line":12,"column":4},"end":{"line":16,"column":5}},"4":{"start":{"line":13,"column":6},"end":{"line":13,"column":55}},"5":{"start":{"line":15,"column":6},"end":{"line":15,"column":18}},"6":{"start":{"line":23,"column":0},"end":{"line":23,"column":34}}},"fnMap":{"0":{"name":"(anonymous_1)","decl":{"start":{"line":7,"column":2},"end":{"line":7,"column":15}},"loc":{"start":{"line":7,"column":37},"end":{"line":9,"column":3}}},"1":{"name":"(anonymous_2)","decl":{"start":{"line":11,"column":2},"end":{"line":11,"column":13}},"loc":{"start":{"line":11,"column":27},"end":{"line":17,"column":3}}},"2":{"name":"(anonymous_3)","decl":{"start":{"line":19,"column":2},"end":{"line":19,"column":16}},"loc":{"start":{"line":19,"column":30},"end":{"line":21,"column":3}}}},"branchMap":{"0":{"loc":{"start":{"line":4,"column":15},"end":{"line":4,"column":56}},"type":"binary-expr","locations":[{"start":{"line":4,"column":15},"end":{"line":4,"column":37}},{"start":{"line":4,"column":41},"end":{"line":4,"column":56}}]}},"s":{"0":1,"1":1,"2":0,"3":0,"4":0,"5":0,"6":1},"f":{"0":0,"1":0,"2":0},"b":{"0":[1,1]}}
,"C:\\Users\\Usuario\\blog-api\\src\\application\\services\\userService.ts": {"path":"C:\\Users\\Usuario\\blog-api\\src\\application\\services\\userService.ts","statementMap":{"0":{"start":{"line":1,"column":0},"end":{"line":1,"column":28}},"1":{"start":{"line":6,"column":22},"end":{"line":6,"column":53}},"2":{"start":{"line":12,"column":4},"end":{"line":31,"column":5}},"3":{"start":{"line":13,"column":20},"end":{"line":13,"column":55}},"4":{"start":{"line":15,"column":6},"end":{"line":17,"column":7}},"5":{"start":{"line":16,"column":8},"end":{"line":16,"column":42}},"6":{"start":{"line":19,"column":6},"end":{"line":27,"column":10}},"7":{"start":{"line":19,"column":32},"end":{"line":27,"column":8}},"8":{"start":{"line":29,"column":6},"end":{"line":29,"column":93}},"9":{"start":{"line":30,"column":6},"end":{"line":30,"column":47}},"10":{"start":{"line":38,"column":17},"end":{"line":38,"column":59}},"11":{"start":{"line":39,"column":4},"end":{"line":41,"column":5}},"12":{"start":{"line":40,"column":6},"end":{"line":40,"column":40}},"13":{"start":{"line":42,"column":4},"end":{"line":50,"column":6}},"14":{"start":{"line":58,"column":4},"end":{"line":68,"column":null}},"15":{"start":{"line":61,"column":40},"end":{"line":61,"column":65}},"16":{"start":{"line":63,"column":4},"end":{"line":65,"column":5}},"17":{"start":{"line":64,"column":6},"end":{"line":64,"column":57}},"18":{"start":{"line":67,"column":4},"end":{"line":67,"column":48}},"19":{"start":{"line":74,"column":17},"end":{"line":74,"column":59}},"20":{"start":{"line":75,"column":4},"end":{"line":77,"column":5}},"21":{"start":{"line":76,"column":6},"end":{"line":76,"column":40}},"22":{"start":{"line":79,"column":4},"end":{"line":79,"column":53}},"23":{"start":{"line":86,"column":17},"end":{"line":86,"column":59}},"24":{"start":{"line":87,"column":4},"end":{"line":89,"column":5}},"25":{"start":{"line":88,"column":6},"end":{"line":88,"column":40}},"26":{"start":{"line":91,"column":4},"end":{"line":91,"column":47}},"27":{"start":{"line":98,"column":17},"end":{"line":98,"column":59}},"28":{"start":{"line":99,"column":4},"end":{"line":101,"column":5}},"29":{"start":{"line":100,"column":6},"end":{"line":100,"column":40}},"30":{"start":{"line":103,"column":4},"end":{"line":103,"column":49}},"31":{"start":{"line":110,"column":17},"end":{"line":110,"column":59}},"32":{"start":{"line":111,"column":4},"end":{"line":113,"column":5}},"33":{"start":{"line":112,"column":6},"end":{"line":112,"column":40}},"34":{"start":{"line":114,"column":4},"end":{"line":114,"column":46}},"35":{"start":{"line":5,"column":0},"end":{"line":5,"column":13}}},"fnMap":{"0":{"name":"(anonymous_8)","decl":{"start":{"line":6,"column":2},"end":{"line":6,"column":22}},"loc":{"start":{"line":6,"column":53},"end":{"line":6,"column":57}}},"1":{"name":"(anonymous_9)","decl":{"start":{"line":11,"column":8},"end":{"line":11,"column":19}},"loc":{"start":{"line":11,"column":19},"end":{"line":32,"column":null}}},"2":{"name":"(anonymous_11)","decl":{"start":{"line":19,"column":23},"end":{"line":19,"column":27}},"loc":{"start":{"line":19,"column":32},"end":{"line":27,"column":8}}},"3":{"name":"(anonymous_12)","decl":{"start":{"line":37,"column":8},"end":{"line":37,"column":16}},"loc":{"start":{"line":37,"column":31},"end":{"line":52,"column":null}}},"4":{"name":"(anonymous_14)","decl":{"start":{"line":57,"column":8},"end":{"line":57,"column":25}},"loc":{"start":{"line":57,"column":25},"end":{"line":68,"column":null}}},"5":{"name":"(anonymous_15)","decl":{"start":{"line":58,"column":4},"end":{"line":58,"column":18}},"loc":{"start":{"line":59,"column":59},"end":{"line":68,"column":3}}},"6":{"name":"(anonymous_16)","decl":{"start":{"line":73,"column":8},"end":{"line":73,"column":22}},"loc":{"start":{"line":73,"column":66},"end":{"line":80,"column":null}}},"7":{"name":"(anonymous_18)","decl":{"start":{"line":85,"column":8},"end":{"line":85,"column":15}},"loc":{"start":{"line":85,"column":47},"end":{"line":92,"column":null}}},"8":{"name":"(anonymous_20)","decl":{"start":{"line":97,"column":8},"end":{"line":97,"column":17}},"loc":{"start":{"line":97,"column":49},"end":{"line":104,"column":null}}},"9":{"name":"(anonymous_22)","decl":{"start":{"line":109,"column":8},"end":{"line":109,"column":18}},"loc":{"start":{"line":109,"column":33},"end":{"line":115,"column":null}}}},"branchMap":{"0":{"loc":{"start":{"line":15,"column":6},"end":{"line":17,"column":7}},"type":"if","locations":[{"start":{"line":15,"column":6},"end":{"line":17,"column":7}}]},"1":{"loc":{"start":{"line":15,"column":10},"end":{"line":15,"column":38}},"type":"binary-expr","locations":[{"start":{"line":15,"column":10},"end":{"line":15,"column":16}},{"start":{"line":15,"column":20},"end":{"line":15,"column":38}}]},"2":{"loc":{"start":{"line":29,"column":45},"end":{"line":29,"column":91}},"type":"cond-expr","locations":[{"start":{"line":29,"column":70},"end":{"line":29,"column":83}},{"start":{"line":29,"column":86},"end":{"line":29,"column":91}}]},"3":{"loc":{"start":{"line":39,"column":4},"end":{"line":41,"column":5}},"type":"if","locations":[{"start":{"line":39,"column":4},"end":{"line":41,"column":5}}]},"4":{"loc":{"start":{"line":63,"column":4},"end":{"line":65,"column":5}},"type":"if","locations":[{"start":{"line":63,"column":4},"end":{"line":65,"column":5}}]},"5":{"loc":{"start":{"line":75,"column":4},"end":{"line":77,"column":5}},"type":"if","locations":[{"start":{"line":75,"column":4},"end":{"line":77,"column":5}}]},"6":{"loc":{"start":{"line":87,"column":4},"end":{"line":89,"column":5}},"type":"if","locations":[{"start":{"line":87,"column":4},"end":{"line":89,"column":5}}]},"7":{"loc":{"start":{"line":99,"column":4},"end":{"line":101,"column":5}},"type":"if","locations":[{"start":{"line":99,"column":4},"end":{"line":101,"column":5}}]},"8":{"loc":{"start":{"line":111,"column":4},"end":{"line":113,"column":5}},"type":"if","locations":[{"start":{"line":111,"column":4},"end":{"line":113,"column":5}}]}},"s":{"0":1,"1":0,"2":0,"3":0,"4":0,"5":0,"6":0,"7":0,"8":0,"9":0,"10":0,"11":0,"12":0,"13":0,"14":0,"15":0,"16":0,"17":0,"18":0,"19":0,"20":0,"21":0,"22":0,"23":0,"24":0,"25":0,"26":0,"27":0,"28":0,"29":0,"30":0,"31":0,"32":0,"33":0,"34":0,"35":1},"f":{"0":0,"1":0,"2":0,"3":0,"4":0,"5":0,"6":0,"7":0,"8":0,"9":0},"b":{"0":[0],"1":[0,0],"2":[0,0],"3":[0],"4":[0],"5":[0],"6":[0],"7":[0],"8":[0]}}
,"C:\\Users\\Usuario\\blog-api\\src\\application\\use-cases\\BanUserUseCase.ts": {"path":"C:\\Users\\Usuario\\blog-api\\src\\application\\use-cases\\BanUserUseCase.ts","statementMap":{"0":{"start":{"line":6,"column":22},"end":{"line":6,"column":46}},"1":{"start":{"line":9,"column":4},"end":{"line":18,"column":5}},"2":{"start":{"line":11,"column":6},"end":{"line":11,"column":58}},"3":{"start":{"line":12,"column":6},"end":{"line":12,"column":13}},"4":{"start":{"line":15,"column":6},"end":{"line":15,"column":55}},"5":{"start":{"line":16,"column":6},"end":{"line":16,"column":13}},"6":{"start":{"line":5,"column":0},"end":{"line":5,"column":13}}},"fnMap":{"0":{"name":"(anonymous_7)","decl":{"start":{"line":6,"column":2},"end":{"line":6,"column":22}},"loc":{"start":{"line":6,"column":46},"end":{"line":6,"column":50}}},"1":{"name":"(anonymous_8)","decl":{"start":{"line":8,"column":8},"end":{"line":8,"column":15}},"loc":{"start":{"line":8,"column":31},"end":{"line":19,"column":null}}}},"branchMap":{"0":{"loc":{"start":{"line":9,"column":4},"end":{"line":18,"column":5}},"type":"if","locations":[{"start":{"line":9,"column":4},"end":{"line":18,"column":5}},{"start":{"line":13,"column":11},"end":{"line":18,"column":5}}]}},"s":{"0":0,"1":0,"2":0,"3":0,"4":0,"5":0,"6":1},"f":{"0":0,"1":0},"b":{"0":[0,0]}}
,"C:\\Users\\Usuario\\blog-api\\src\\domain\\entities\\Post.ts": {"path":"C:\\Users\\Usuario\\blog-api\\src\\domain\\entities\\Post.ts","statementMap":{"0":{"start":{"line":13,"column":32},"end":{"line":13,"column":48}},"1":{"start":{"line":16,"column":6},"end":{"line":16,"column":55}},"2":{"start":{"line":16,"column":18},"end":{"line":16,"column":55}},"3":{"start":{"line":17,"column":6},"end":{"line":17,"column":59}},"4":{"start":{"line":17,"column":20},"end":{"line":17,"column":59}},"5":{"start":{"line":18,"column":6},"end":{"line":18,"column":62}},"6":{"start":{"line":18,"column":21},"end":{"line":18,"column":62}},"7":{"start":{"line":20,"column":6},"end":{"line":28,"column":9}},"8":{"start":{"line":32,"column":6},"end":{"line":32,"column":29}},"9":{"start":{"line":36,"column":6},"end":{"line":36,"column":27}},"10":{"start":{"line":40,"column":6},"end":{"line":40,"column":30}},"11":{"start":{"line":44,"column":6},"end":{"line":44,"column":32}},"12":{"start":{"line":48,"column":6},"end":{"line":48,"column":33}},"13":{"start":{"line":52,"column":6},"end":{"line":52,"column":34}},"14":{"start":{"line":56,"column":6},"end":{"line":56,"column":34}},"15":{"start":{"line":60,"column":6},"end":{"line":60,"column":32}},"16":{"start":{"line":64,"column":6},"end":{"line":64,"column":59}},"17":{"start":{"line":64,"column":18},"end":{"line":64,"column":59}},"18":{"start":{"line":65,"column":6},"end":{"line":65,"column":31}},"19":{"start":{"line":66,"column":6},"end":{"line":66,"column":40}},"20":{"start":{"line":70,"column":6},"end":{"line":70,"column":63}},"21":{"start":{"line":70,"column":20},"end":{"line":70,"column":63}},"22":{"start":{"line":71,"column":6},"end":{"line":71,"column":35}},"23":{"start":{"line":72,"column":6},"end":{"line":72,"column":40}},"24":{"start":{"line":76,"column":6},"end":{"line":76,"column":32}},"25":{"start":{"line":77,"column":6},"end":{"line":77,"column":40}},"26":{"start":{"line":81,"column":6},"end":{"line":81,"column":33}},"27":{"start":{"line":82,"column":6},"end":{"line":82,"column":40}},"28":{"start":{"line":86,"column":6},"end":{"line":86,"column":36}},"29":{"start":{"line":86,"column":27},"end":{"line":86,"column":36}},"30":{"start":{"line":87,"column":6},"end":{"line":87,"column":72}},"31":{"start":{"line":91,"column":6},"end":{"line":99,"column":8}},"32":{"start":{"line":12,"column":2},"end":{"line":12,"column":15}}},"fnMap":{"0":{"name":"(anonymous_0)","decl":{"start":{"line":13,"column":4},"end":{"line":13,"column":32}},"loc":{"start":{"line":13,"column":48},"end":{"line":13,"column":52}}},"1":{"name":"(anonymous_1)","decl":{"start":{"line":15,"column":11},"end":{"line":15,"column":17}},"loc":{"start":{"line":15,"column":73},"end":{"line":29,"column":5}}},"2":{"name":"(anonymous_2)","decl":{"start":{"line":31,"column":11},"end":{"line":31,"column":17}},"loc":{"start":{"line":31,"column":39},"end":{"line":33,"column":5}}},"3":{"name":"(anonymous_3)","decl":{"start":{"line":35,"column":4},"end":{"line":35,"column":15}},"loc":{"start":{"line":35,"column":17},"end":{"line":37,"column":5}}},"4":{"name":"(anonymous_4)","decl":{"start":{"line":39,"column":4},"end":{"line":39,"column":15}},"loc":{"start":{"line":39,"column":20},"end":{"line":41,"column":5}}},"5":{"name":"(anonymous_5)","decl":{"start":{"line":43,"column":4},"end":{"line":43,"column":15}},"loc":{"start":{"line":43,"column":22},"end":{"line":45,"column":5}}},"6":{"name":"(anonymous_6)","decl":{"start":{"line":47,"column":4},"end":{"line":47,"column":15}},"loc":{"start":{"line":47,"column":23},"end":{"line":49,"column":5}}},"7":{"name":"(anonymous_7)","decl":{"start":{"line":51,"column":4},"end":{"line":51,"column":15}},"loc":{"start":{"line":51,"column":24},"end":{"line":53,"column":5}}},"8":{"name":"(anonymous_8)","decl":{"start":{"line":55,"column":4},"end":{"line":55,"column":15}},"loc":{"start":{"line":55,"column":24},"end":{"line":57,"column":5}}},"9":{"name":"(anonymous_9)","decl":{"start":{"line":59,"column":4},"end":{"line":59,"column":15}},"loc":{"start":{"line":59,"column":22},"end":{"line":61,"column":5}}},"10":{"name":"(anonymous_10)","decl":{"start":{"line":63,"column":11},"end":{"line":63,"column":22}},"loc":{"start":{"line":63,"column":36},"end":{"line":67,"column":5}}},"11":{"name":"(anonymous_11)","decl":{"start":{"line":69,"column":11},"end":{"line":69,"column":24}},"loc":{"start":{"line":69,"column":40},"end":{"line":73,"column":5}}},"12":{"name":"(anonymous_12)","decl":{"start":{"line":75,"column":11},"end":{"line":75,"column":21}},"loc":{"start":{"line":75,"column":21},"end":{"line":78,"column":5}}},"13":{"name":"(anonymous_13)","decl":{"start":{"line":80,"column":11},"end":{"line":80,"column":19}},"loc":{"start":{"line":80,"column":19},"end":{"line":83,"column":5}}},"14":{"name":"(anonymous_14)","decl":{"start":{"line":85,"column":11},"end":{"line":85,"column":30}},"loc":{"start":{"line":85,"column":69},"end":{"line":88,"column":5}}},"15":{"name":"(anonymous_15)","decl":{"start":{"line":90,"column":11},"end":{"line":90,"column":24}},"loc":{"start":{"line":90,"column":63},"end":{"line":100,"column":5}}}},"branchMap":{"0":{"loc":{"start":{"line":16,"column":6},"end":{"line":16,"column":55}},"type":"if","locations":[{"start":{"line":16,"column":6},"end":{"line":16,"column":55}}]},"1":{"loc":{"start":{"line":17,"column":6},"end":{"line":17,"column":59}},"type":"if","locations":[{"start":{"line":17,"column":6},"end":{"line":17,"column":59}}]},"2":{"loc":{"start":{"line":18,"column":6},"end":{"line":18,"column":62}},"type":"if","locations":[{"start":{"line":18,"column":6},"end":{"line":18,"column":62}}]},"3":{"loc":{"start":{"line":64,"column":6},"end":{"line":64,"column":59}},"type":"if","locations":[{"start":{"line":64,"column":6},"end":{"line":64,"column":59}}]},"4":{"loc":{"start":{"line":70,"column":6},"end":{"line":70,"column":63}},"type":"if","locations":[{"start":{"line":70,"column":6},"end":{"line":70,"column":63}}]},"5":{"loc":{"start":{"line":86,"column":6},"end":{"line":86,"column":36}},"type":"if","locations":[{"start":{"line":86,"column":6},"end":{"line":86,"column":36}}]}},"s":{"0":5,"1":5,"2":0,"3":5,"4":0,"5":5,"6":0,"7":5,"8":0,"9":0,"10":0,"11":0,"12":0,"13":0,"14":0,"15":0,"16":2,"17":0,"18":2,"19":2,"20":2,"21":0,"22":2,"23":2,"24":0,"25":0,"26":0,"27":0,"28":0,"29":0,"30":0,"31":0,"32":1},"f":{"0":5,"1":5,"2":0,"3":0,"4":0,"5":0,"6":0,"7":0,"8":0,"9":0,"10":2,"11":2,"12":0,"13":0,"14":0,"15":0},"b":{"0":[0],"1":[0],"2":[0],"3":[0],"4":[0],"5":[0]}}
,"C:\\Users\\Usuario\\blog-api\\src\\domain\\entities\\Role.ts": {"path":"C:\\Users\\Usuario\\blog-api\\src\\domain\\entities\\Role.ts","statementMap":{"0":{"start":{"line":1,"column":0},"end":{"line":1,"column":null}},"1":{"start":{"line":2,"column":4},"end":{"line":2,"column":null}},"2":{"start":{"line":3,"column":4},"end":{"line":3,"column":null}},"3":{"start":{"line":6,"column":26},"end":{"line":9,"column":4}}},"fnMap":{"0":{"name":"(anonymous_0)","decl":{"start":{"line":1,"column":0},"end":{"line":1,"column":12}},"loc":{"start":{"line":1,"column":16},"end":{"line":4,"column":3}}}},"branchMap":{"0":{"loc":{"start":{"line":1,"column":12},"end":{"line":1,"column":null}},"type":"binary-expr","locations":[{"start":{"line":1,"column":12},"end":{"line":1,"column":16}},{"start":{"line":1,"column":16},"end":{"line":1,"column":null}}]}},"s":{"0":2,"1":2,"2":2,"3":2},"f":{"0":2},"b":{"0":[2,2]}}
,"C:\\Users\\Usuario\\blog-api\\src\\domain\\entities\\User.ts": {"path":"C:\\Users\\Usuario\\blog-api\\src\\domain\\entities\\User.ts","statementMap":{"0":{"start":{"line":1,"column":0},"end":{"line":1,"column":9}},"1":{"start":{"line":131,"column":9},"end":{"line":1,"column":30}},"2":{"start":{"line":2,"column":0},"end":{"line":2,"column":103}},"3":{"start":{"line":3,"column":0},"end":{"line":3,"column":54}},"4":{"start":{"line":17,"column":30},"end":{"line":17,"column":46}},"5":{"start":{"line":20,"column":4},"end":{"line":20,"column":64}},"6":{"start":{"line":22,"column":4},"end":{"line":31,"column":7}},"7":{"start":{"line":35,"column":4},"end":{"line":35,"column":27}},"8":{"start":{"line":39,"column":4},"end":{"line":39,"column":64}},"9":{"start":{"line":39,"column":24},"end":{"line":39,"column":64}},"10":{"start":{"line":40,"column":4},"end":{"line":40,"column":58}},"11":{"start":{"line":40,"column":21},"end":{"line":40,"column":58}},"12":{"start":{"line":41,"column":4},"end":{"line":41,"column":64}},"13":{"start":{"line":41,"column":24},"end":{"line":41,"column":64}},"14":{"start":{"line":42,"column":4},"end":{"line":42,"column":82}},"15":{"start":{"line":42,"column":50},"end":{"line":42,"column":82}},"16":{"start":{"line":46,"column":4},"end":{"line":46,"column":25}},"17":{"start":{"line":50,"column":4},"end":{"line":50,"column":31}},"18":{"start":{"line":54,"column":4},"end":{"line":54,"column":28}},"19":{"start":{"line":58,"column":4},"end":{"line":58,"column":31}},"20":{"start":{"line":62,"column":4},"end":{"line":62,"column":27}},"21":{"start":{"line":66,"column":4},"end":{"line":66,"column":29}},"22":{"start":{"line":70,"column":4},"end":{"line":70,"column":32}},"23":{"start":{"line":74,"column":4},"end":{"line":74,"column":32}},"24":{"start":{"line":78,"column":4},"end":{"line":78,"column":33}},"25":{"start":{"line":80,"column":4},"end":{"line":80,"column":40}},"26":{"start":{"line":81,"column":4},"end":{"line":81,"column":34}},"27":{"start":{"line":82,"column":4},"end":{"line":82,"column":40}},"28":{"start":{"line":83,"column":4},"end":{"line":83,"column":32}},"29":{"start":{"line":84,"column":4},"end":{"line":84,"column":36}},"30":{"start":{"line":85,"column":4},"end":{"line":85,"column":37}},"31":{"start":{"line":89,"column":4},"end":{"line":89,"column":56}},"32":{"start":{"line":89,"column":19},"end":{"line":89,"column":56}},"33":{"start":{"line":90,"column":4},"end":{"line":90,"column":32}},"34":{"start":{"line":91,"column":4},"end":{"line":91,"column":37}},"35":{"start":{"line":92,"column":4},"end":{"line":92,"column":73}},"36":{"start":{"line":96,"column":4},"end":{"line":96,"column":62}},"37":{"start":{"line":96,"column":22},"end":{"line":96,"column":62}},"38":{"start":{"line":97,"column":4},"end":{"line":97,"column":38}},"39":{"start":{"line":98,"column":4},"end":{"line":98,"column":37}},"40":{"start":{"line":99,"column":4},"end":{"line":99,"column":79}},"41":{"start":{"line":103,"column":4},"end":{"line":103,"column":59}},"42":{"start":{"line":103,"column":19},"end":{"line":103,"column":59}},"43":{"start":{"line":104,"column":4},"end":{"line":104,"column":35}},"44":{"start":{"line":105,"column":4},"end":{"line":105,"column":37}},"45":{"start":{"line":109,"column":4},"end":{"line":109,"column":77}},"46":{"start":{"line":109,"column":45},"end":{"line":109,"column":77}},"47":{"start":{"line":110,"column":4},"end":{"line":110,"column":27}},"48":{"start":{"line":111,"column":4},"end":{"line":111,"column":37}},"49":{"start":{"line":115,"column":4},"end":{"line":115,"column":32}},"50":{"start":{"line":119,"column":4},"end":{"line":119,"column":29}},"51":{"start":{"line":120,"column":4},"end":{"line":120,"column":37}},"52":{"start":{"line":121,"column":4},"end":{"line":121,"column":57}},"53":{"start":{"line":125,"column":4},"end":{"line":125,"column":30}},"54":{"start":{"line":126,"column":4},"end":{"line":126,"column":37}},"55":{"start":{"line":127,"column":4},"end":{"line":127,"column":59}},"56":{"start":{"line":16,"column":0},"end":{"line":16,"column":13}}},"fnMap":{"0":{"name":"(anonymous_0)","decl":{"start":{"line":131,"column":9},"end":{"line":131,"column":13}},"loc":{"start":{"line":131,"column":9},"end":{"line":1,"column":30}}},"1":{"name":"(anonymous_1)","decl":{"start":{"line":17,"column":2},"end":{"line":17,"column":30}},"loc":{"start":{"line":17,"column":46},"end":{"line":17,"column":51}}},"2":{"name":"(anonymous_2)","decl":{"start":{"line":19,"column":9},"end":{"line":19,"column":15}},"loc":{"start":{"line":19,"column":84},"end":{"line":32,"column":3}}},"3":{"name":"(anonymous_3)","decl":{"start":{"line":34,"column":9},"end":{"line":34,"column":15}},"loc":{"start":{"line":34,"column":37},"end":{"line":36,"column":3}}},"4":{"name":"(anonymous_4)","decl":{"start":{"line":38,"column":10},"end":{"line":38,"column":16}},"loc":{"start":{"line":38,"column":106},"end":{"line":43,"column":3}}},"5":{"name":"(anonymous_5)","decl":{"start":{"line":45,"column":2},"end":{"line":45,"column":13}},"loc":{"start":{"line":45,"column":15},"end":{"line":47,"column":3}}},"6":{"name":"(anonymous_6)","decl":{"start":{"line":49,"column":2},"end":{"line":49,"column":13}},"loc":{"start":{"line":49,"column":21},"end":{"line":51,"column":3}}},"7":{"name":"(anonymous_7)","decl":{"start":{"line":53,"column":2},"end":{"line":53,"column":13}},"loc":{"start":{"line":53,"column":18},"end":{"line":55,"column":3}}},"8":{"name":"(anonymous_8)","decl":{"start":{"line":57,"column":2},"end":{"line":57,"column":13}},"loc":{"start":{"line":57,"column":21},"end":{"line":59,"column":3}}},"9":{"name":"(anonymous_9)","decl":{"start":{"line":61,"column":2},"end":{"line":61,"column":13}},"loc":{"start":{"line":61,"column":17},"end":{"line":63,"column":3}}},"10":{"name":"(anonymous_10)","decl":{"start":{"line":65,"column":2},"end":{"line":65,"column":13}},"loc":{"start":{"line":65,"column":19},"end":{"line":67,"column":3}}},"11":{"name":"(anonymous_11)","decl":{"start":{"line":69,"column":2},"end":{"line":69,"column":13}},"loc":{"start":{"line":69,"column":22},"end":{"line":71,"column":3}}},"12":{"name":"(anonymous_12)","decl":{"start":{"line":73,"column":2},"end":{"line":73,"column":13}},"loc":{"start":{"line":73,"column":22},"end":{"line":75,"column":3}}},"13":{"name":"(anonymous_13)","decl":{"start":{"line":77,"column":9},"end":{"line":77,"column":15}},"loc":{"start":{"line":77,"column":105},"end":{"line":86,"column":3}}},"14":{"name":"(anonymous_14)","decl":{"start":{"line":88,"column":9},"end":{"line":88,"column":20}},"loc":{"start":{"line":88,"column":37},"end":{"line":93,"column":3}}},"15":{"name":"(anonymous_15)","decl":{"start":{"line":95,"column":9},"end":{"line":95,"column":23}},"loc":{"start":{"line":95,"column":43},"end":{"line":100,"column":3}}},"16":{"name":"(anonymous_16)","decl":{"start":{"line":102,"column":9},"end":{"line":102,"column":23}},"loc":{"start":{"line":102,"column":40},"end":{"line":106,"column":3}}},"17":{"name":"(anonymous_17)","decl":{"start":{"line":108,"column":9},"end":{"line":108,"column":19}},"loc":{"start":{"line":108,"column":30},"end":{"line":112,"column":3}}},"18":{"name":"(anonymous_18)","decl":{"start":{"line":114,"column":9},"end":{"line":114,"column":24}},"loc":{"start":{"line":114,"column":35},"end":{"line":116,"column":3}}},"19":{"name":"(anonymous_19)","decl":{"start":{"line":118,"column":9},"end":{"line":118,"column":16}},"loc":{"start":{"line":118,"column":16},"end":{"line":122,"column":3}}},"20":{"name":"(anonymous_20)","decl":{"start":{"line":124,"column":9},"end":{"line":124,"column":18}},"loc":{"start":{"line":124,"column":18},"end":{"line":128,"column":3}}}},"branchMap":{"0":{"loc":{"start":{"line":39,"column":4},"end":{"line":39,"column":64}},"type":"if","locations":[{"start":{"line":39,"column":4},"end":{"line":39,"column":64}}]},"1":{"loc":{"start":{"line":40,"column":4},"end":{"line":40,"column":58}},"type":"if","locations":[{"start":{"line":40,"column":4},"end":{"line":40,"column":58}}]},"2":{"loc":{"start":{"line":41,"column":4},"end":{"line":41,"column":64}},"type":"if","locations":[{"start":{"line":41,"column":4},"end":{"line":41,"column":64}}]},"3":{"loc":{"start":{"line":42,"column":4},"end":{"line":42,"column":82}},"type":"if","locations":[{"start":{"line":42,"column":4},"end":{"line":42,"column":82}}]},"4":{"loc":{"start":{"line":89,"column":4},"end":{"line":89,"column":56}},"type":"if","locations":[{"start":{"line":89,"column":4},"end":{"line":89,"column":56}}]},"5":{"loc":{"start":{"line":96,"column":4},"end":{"line":96,"column":62}},"type":"if","locations":[{"start":{"line":96,"column":4},"end":{"line":96,"column":62}}]},"6":{"loc":{"start":{"line":103,"column":4},"end":{"line":103,"column":59}},"type":"if","locations":[{"start":{"line":103,"column":4},"end":{"line":103,"column":59}}]},"7":{"loc":{"start":{"line":109,"column":4},"end":{"line":109,"column":77}},"type":"if","locations":[{"start":{"line":109,"column":4},"end":{"line":109,"column":77}}]}},"s":{"0":2,"1":3,"2":2,"3":2,"4":1,"5":0,"6":0,"7":1,"8":0,"9":0,"10":0,"11":0,"12":0,"13":0,"14":0,"15":0,"16":2,"17":2,"18":2,"19":0,"20":2,"21":0,"22":0,"23":0,"24":0,"25":0,"26":0,"27":0,"28":0,"29":0,"30":0,"31":0,"32":0,"33":0,"34":0,"35":0,"36":0,"37":0,"38":0,"39":0,"40":0,"41":0,"42":0,"43":0,"44":0,"45":0,"46":0,"47":0,"48":0,"49":0,"50":0,"51":0,"52":0,"53":0,"54":0,"55":0,"56":2},"f":{"0":1,"1":1,"2":0,"3":1,"4":0,"5":2,"6":2,"7":2,"8":0,"9":2,"10":0,"11":0,"12":0,"13":0,"14":0,"15":0,"16":0,"17":0,"18":0,"19":0,"20":0},"b":{"0":[0],"1":[0],"2":[0],"3":[0],"4":[0],"5":[0],"6":[0],"7":[0]}}
,"C:\\Users\\Usuario\\blog-api\\src\\domain\\events\\DomainEvents.ts": {"path":"C:\\Users\\Usuario\\blog-api\\src\\domain\\events\\DomainEvents.ts","statementMap":{"0":{"start":{"line":7,"column":4},"end":{"line":9,"column":5}},"1":{"start":{"line":8,"column":6},"end":{"line":8,"column":39}},"2":{"start":{"line":10,"column":4},"end":{"line":10,"column":46}},"3":{"start":{"line":14,"column":22},"end":{"line":14,"column":44}},"4":{"start":{"line":15,"column":21},"end":{"line":15,"column":54}},"5":{"start":{"line":16,"column":4},"end":{"line":16,"column":48}},"6":{"start":{"line":16,"column":32},"end":{"line":16,"column":46}},"7":{"start":{"line":20,"column":9},"end":{"line":20,"column":21}},"8":{"start":{"line":4,"column":17},"end":{"line":4,"column":75}}},"fnMap":{"0":{"name":"(anonymous_0)","decl":{"start":{"line":6,"column":9},"end":{"line":6,"column":15}},"loc":{"start":{"line":6,"column":65},"end":{"line":11,"column":3}}},"1":{"name":"(anonymous_1)","decl":{"start":{"line":13,"column":9},"end":{"line":13,"column":15}},"loc":{"start":{"line":13,"column":35},"end":{"line":17,"column":3}}},"2":{"name":"(anonymous_2)","decl":{"start":{"line":16,"column":21},"end":{"line":16,"column":28}},"loc":{"start":{"line":16,"column":32},"end":{"line":16,"column":46}}}},"branchMap":{"0":{"loc":{"start":{"line":7,"column":4},"end":{"line":9,"column":5}},"type":"if","locations":[{"start":{"line":7,"column":4},"end":{"line":9,"column":5}}]},"1":{"loc":{"start":{"line":15,"column":21},"end":{"line":15,"column":54}},"type":"binary-expr","locations":[{"start":{"line":15,"column":21},"end":{"line":15,"column":48}},{"start":{"line":15,"column":52},"end":{"line":15,"column":54}}]}},"s":{"0":0,"1":0,"2":0,"3":0,"4":0,"5":0,"6":0,"7":2,"8":2},"f":{"0":0,"1":0,"2":0},"b":{"0":[0],"1":[0,0]}}
,"C:\\Users\\Usuario\\blog-api\\src\\domain\\events\\userEvents.ts": {"path":"C:\\Users\\Usuario\\blog-api\\src\\domain\\events\\userEvents.ts","statementMap":{"0":{"start":{"line":2,"column":23},"end":{"line":2,"column":33}},"1":{"start":{"line":2,"column":42},"end":{"line":2,"column":55}},"2":{"start":{"line":17,"column":11},"end":{"line":17,"column":27}},"3":{"start":{"line":6,"column":23},"end":{"line":6,"column":33}},"4":{"start":{"line":6,"column":42},"end":{"line":6,"column":58}},"5":{"start":{"line":17,"column":29},"end":{"line":17,"column":48}},"6":{"start":{"line":10,"column":23},"end":{"line":10,"column":33}},"7":{"start":{"line":17,"column":50},"end":{"line":17,"column":60}},"8":{"start":{"line":14,"column":23},"end":{"line":14,"column":33}},"9":{"start":{"line":17,"column":62},"end":{"line":17,"column":74}}},"fnMap":{"0":{"name":"(anonymous_0)","decl":{"start":{"line":2,"column":4},"end":{"line":2,"column":23}},"loc":{"start":{"line":2,"column":55},"end":{"line":2,"column":59}}},"1":{"name":"(anonymous_1)","decl":{"start":{"line":6,"column":4},"end":{"line":6,"column":23}},"loc":{"start":{"line":6,"column":58},"end":{"line":6,"column":62}}},"2":{"name":"(anonymous_2)","decl":{"start":{"line":10,"column":4},"end":{"line":10,"column":23}},"loc":{"start":{"line":10,"column":33},"end":{"line":10,"column":37}}},"3":{"name":"(anonymous_3)","decl":{"start":{"line":14,"column":4},"end":{"line":14,"column":23}},"loc":{"start":{"line":14,"column":33},"end":{"line":14,"column":37}}}},"branchMap":{},"s":{"0":0,"1":0,"2":3,"3":0,"4":0,"5":3,"6":0,"7":3,"8":0,"9":3},"f":{"0":0,"1":0,"2":0,"3":0},"b":{}}
,"C:\\Users\\Usuario\\blog-api\\src\\infrastructure\\controllers\\AuthController.ts": {"path":"C:\\Users\\Usuario\\blog-api\\src\\infrastructure\\controllers\\AuthController.ts","statementMap":{"0":{"start":{"line":9,"column":4},"end":{"line":9,"column":35}},"1":{"start":{"line":16,"column":4},"end":{"line":43,"column":5}},"2":{"start":{"line":17,"column":50},"end":{"line":17,"column":58}},"3":{"start":{"line":19,"column":6},"end":{"line":22,"column":7}},"4":{"start":{"line":20,"column":8},"end":{"line":20,"column":78}},"5":{"start":{"line":21,"column":8},"end":{"line":21,"column":15}},"6":{"start":{"line":24,"column":30},"end":{"line":28,"column":null}},"7":{"start":{"line":31,"column":6},"end":{"line":40,"column":9}},"8":{"start":{"line":42,"column":6},"end":{"line":42,"column":53}},"9":{"start":{"line":50,"column":4},"end":{"line":75,"column":5}},"10":{"start":{"line":51,"column":34},"end":{"line":51,"column":42}},"11":{"start":{"line":53,"column":6},"end":{"line":56,"column":7}},"12":{"start":{"line":54,"column":8},"end":{"line":54,"column":81}},"13":{"start":{"line":55,"column":8},"end":{"line":55,"column":15}},"14":{"start":{"line":58,"column":30},"end":{"line":60,"column":null}},"15":{"start":{"line":63,"column":6},"end":{"line":72,"column":9}},"16":{"start":{"line":74,"column":6},"end":{"line":74,"column":67}},"17":{"start":{"line":82,"column":4},"end":{"line":95,"column":5}},"18":{"start":{"line":83,"column":20},"end":{"line":83,"column":60}},"19":{"start":{"line":85,"column":6},"end":{"line":88,"column":7}},"20":{"start":{"line":86,"column":8},"end":{"line":86,"column":69}},"21":{"start":{"line":87,"column":8},"end":{"line":87,"column":15}},"22":{"start":{"line":90,"column":6},"end":{"line":90,"column":49}},"23":{"start":{"line":92,"column":6},"end":{"line":92,"column":72}},"24":{"start":{"line":94,"column":6},"end":{"line":94,"column":67}},"25":{"start":{"line":102,"column":4},"end":{"line":118,"column":5}},"26":{"start":{"line":103,"column":24},"end":{"line":103,"column":32}},"27":{"start":{"line":105,"column":6},"end":{"line":108,"column":7}},"28":{"start":{"line":106,"column":8},"end":{"line":106,"column":69}},"29":{"start":{"line":107,"column":8},"end":{"line":107,"column":15}},"30":{"start":{"line":110,"column":23},"end":{"line":110,"column":67}},"31":{"start":{"line":112,"column":6},"end":{"line":115,"column":9}},"32":{"start":{"line":117,"column":6},"end":{"line":117,"column":69}},"33":{"start":{"line":5,"column":0},"end":{"line":5,"column":13}}},"fnMap":{"0":{"name":"(anonymous_7)","decl":{"start":{"line":8,"column":2},"end":{"line":8,"column":14}},"loc":{"start":{"line":8,"column":38},"end":{"line":10,"column":3}}},"1":{"name":"(anonymous_8)","decl":{"start":{"line":15,"column":8},"end":{"line":15,"column":17}},"loc":{"start":{"line":15,"column":45},"end":{"line":44,"column":null}}},"2":{"name":"(anonymous_10)","decl":{"start":{"line":49,"column":8},"end":{"line":49,"column":21}},"loc":{"start":{"line":49,"column":49},"end":{"line":76,"column":null}}},"3":{"name":"(anonymous_12)","decl":{"start":{"line":81,"column":8},"end":{"line":81,"column":20}},"loc":{"start":{"line":81,"column":48},"end":{"line":96,"column":null}}},"4":{"name":"(anonymous_14)","decl":{"start":{"line":101,"column":8},"end":{"line":101,"column":20}},"loc":{"start":{"line":101,"column":48},"end":{"line":119,"column":null}}}},"branchMap":{"0":{"loc":{"start":{"line":19,"column":6},"end":{"line":22,"column":7}},"type":"if","locations":[{"start":{"line":19,"column":6},"end":{"line":22,"column":7}}]},"1":{"loc":{"start":{"line":19,"column":10},"end":{"line":19,"column":51}},"type":"binary-expr","locations":[{"start":{"line":19,"column":10},"end":{"line":19,"column":19}},{"start":{"line":19,"column":23},"end":{"line":19,"column":29}},{"start":{"line":19,"column":33},"end":{"line":19,"column":42}},{"start":{"line":19,"column":46},"end":{"line":19,"column":51}}]},"2":{"loc":{"start":{"line":53,"column":6},"end":{"line":56,"column":7}},"type":"if","locations":[{"start":{"line":53,"column":6},"end":{"line":56,"column":7}}]},"3":{"loc":{"start":{"line":53,"column":10},"end":{"line":53,"column":29}},"type":"binary-expr","locations":[{"start":{"line":53,"column":10},"end":{"line":53,"column":16}},{"start":{"line":53,"column":20},"end":{"line":53,"column":29}}]},"4":{"loc":{"start":{"line":83,"column":20},"end":{"line":83,"column":60}},"type":"cond-expr","locations":[{"start":{"line":83,"column":45},"end":{"line":83,"column":47}},{"start":{"line":83,"column":45},"end":{"line":83,"column":60}}]},"5":{"loc":{"start":{"line":83,"column":20},"end":{"line":83,"column":47}},"type":"binary-expr","locations":[{"start":{"line":83,"column":20},"end":{"line":83,"column":47}},{"start":{"line":83,"column":45},"end":{"line":83,"column":47}}]},"6":{"loc":{"start":{"line":85,"column":6},"end":{"line":88,"column":7}},"type":"if","locations":[{"start":{"line":85,"column":6},"end":{"line":88,"column":7}}]},"7":{"loc":{"start":{"line":105,"column":6},"end":{"line":108,"column":7}},"type":"if","locations":[{"start":{"line":105,"column":6},"end":{"line":108,"column":7}}]}},"s":{"0":13,"1":3,"2":3,"3":3,"4":1,"5":1,"6":2,"7":1,"8":1,"9":5,"10":5,"11":5,"12":3,"13":3,"14":2,"15":1,"16":1,"17":4,"18":4,"19":4,"20":1,"21":1,"22":3,"23":1,"24":2,"25":0,"26":0,"27":0,"28":0,"29":0,"30":0,"31":0,"32":0,"33":1},"f":{"0":13,"1":3,"2":5,"3":4,"4":0},"b":{"0":[1],"1":[3,3,2,2],"2":[3],"3":[5,3],"4":[1,3],"5":[4,4],"6":[1],"7":[0]}}
,"C:\\Users\\Usuario\\blog-api\\src\\infrastructure\\controllers\\PostController.ts": {"path":"C:\\Users\\Usuario\\blog-api\\src\\infrastructure\\controllers\\PostController.ts","statementMap":{"0":{"start":{"line":3,"column":0},"end":{"line":3,"column":70}},"1":{"start":{"line":6,"column":31},"end":{"line":6,"column":55}},"2":{"start":{"line":12,"column":4},"end":{"line":20,"column":5}},"3":{"start":{"line":13,"column":43},"end":{"line":13,"column":51}},"4":{"start":{"line":14,"column":19},"end":{"line":14,"column":78}},"5":{"start":{"line":15,"column":6},"end":{"line":15,"column":33}},"6":{"start":{"line":17,"column":6},"end":{"line":19,"column":9}},"7":{"start":{"line":27,"column":4},"end":{"line":44,"column":5}},"8":{"start":{"line":28,"column":21},"end":{"line":28,"column":31}},"9":{"start":{"line":29,"column":6},"end":{"line":29,"column":50}},"10":{"start":{"line":30,"column":19},"end":{"line":30,"column":65}},"11":{"start":{"line":31,"column":6},"end":{"line":31,"column":59}},"12":{"start":{"line":33,"column":6},"end":{"line":36,"column":7}},"13":{"start":{"line":34,"column":8},"end":{"line":34,"column":64}},"14":{"start":{"line":35,"column":8},"end":{"line":35,"column":15}},"15":{"start":{"line":38,"column":6},"end":{"line":38,"column":33}},"16":{"start":{"line":40,"column":6},"end":{"line":40,"column":94}},"17":{"start":{"line":41,"column":6},"end":{"line":43,"column":9}},"18":{"start":{"line":51,"column":4},"end":{"line":58,"column":5}},"19":{"start":{"line":52,"column":20},"end":{"line":52,"column":56}},"20":{"start":{"line":53,"column":6},"end":{"line":53,"column":34}},"21":{"start":{"line":55,"column":6},"end":{"line":57,"column":9}},"22":{"start":{"line":65,"column":4},"end":{"line":86,"column":5}},"23":{"start":{"line":66,"column":21},"end":{"line":66,"column":31}},"24":{"start":{"line":67,"column":33},"end":{"line":67,"column":41}},"25":{"start":{"line":69,"column":19},"end":{"line":69,"column":65}},"26":{"start":{"line":71,"column":6},"end":{"line":74,"column":7}},"27":{"start":{"line":72,"column":8},"end":{"line":72,"column":64}},"28":{"start":{"line":73,"column":8},"end":{"line":73,"column":15}},"29":{"start":{"line":76,"column":6},"end":{"line":76,"column":41}},"30":{"start":{"line":76,"column":17},"end":{"line":76,"column":41}},"31":{"start":{"line":77,"column":6},"end":{"line":77,"column":47}},"32":{"start":{"line":77,"column":19},"end":{"line":77,"column":47}},"33":{"start":{"line":79,"column":6},"end":{"line":79,"column":46}},"34":{"start":{"line":81,"column":6},"end":{"line":81,"column":79}},"35":{"start":{"line":83,"column":6},"end":{"line":85,"column":9}},"36":{"start":{"line":93,"column":4},"end":{"line":110,"column":5}},"37":{"start":{"line":94,"column":21},"end":{"line":94,"column":42}},"38":{"start":{"line":95,"column":21},"end":{"line":95,"column":33}},"39":{"start":{"line":97,"column":6},"end":{"line":100,"column":7}},"40":{"start":{"line":98,"column":8},"end":{"line":98,"column":68}},"41":{"start":{"line":99,"column":8},"end":{"line":99,"column":15}},"42":{"start":{"line":102,"column":18},"end":{"line":102,"column":59}},"43":{"start":{"line":103,"column":6},"end":{"line":103,"column":45}},"44":{"start":{"line":105,"column":6},"end":{"line":105,"column":71}},"45":{"start":{"line":107,"column":6},"end":{"line":109,"column":9}},"46":{"start":{"line":117,"column":4},"end":{"line":136,"column":5}},"47":{"start":{"line":118,"column":21},"end":{"line":118,"column":42}},"48":{"start":{"line":119,"column":21},"end":{"line":119,"column":33}},"49":{"start":{"line":121,"column":6},"end":{"line":124,"column":7}},"50":{"start":{"line":122,"column":8},"end":{"line":122,"column":68}},"51":{"start":{"line":123,"column":8},"end":{"line":123,"column":15}},"52":{"start":{"line":126,"column":18},"end":{"line":126,"column":51}},"53":{"start":{"line":127,"column":6},"end":{"line":127,"column":46}},"54":{"start":{"line":129,"column":6},"end":{"line":129,"column":72}},"55":{"start":{"line":131,"column":6},"end":{"line":135,"column":9}},"56":{"start":{"line":143,"column":4},"end":{"line":150,"column":5}},"57":{"start":{"line":144,"column":20},"end":{"line":144,"column":64}},"58":{"start":{"line":145,"column":6},"end":{"line":145,"column":34}},"59":{"start":{"line":147,"column":6},"end":{"line":149,"column":9}},"60":{"start":{"line":5,"column":0},"end":{"line":5,"column":13}}},"fnMap":{"0":{"name":"(anonymous_7)","decl":{"start":{"line":6,"column":2},"end":{"line":6,"column":31}},"loc":{"start":{"line":6,"column":55},"end":{"line":6,"column":59}}},"1":{"name":"(anonymous_8)","decl":{"start":{"line":11,"column":8},"end":{"line":11,"column":18}},"loc":{"start":{"line":11,"column":46},"end":{"line":21,"column":null}}},"2":{"name":"(anonymous_10)","decl":{"start":{"line":26,"column":8},"end":{"line":26,"column":19}},"loc":{"start":{"line":26,"column":47},"end":{"line":45,"column":null}}},"3":{"name":"(anonymous_12)","decl":{"start":{"line":50,"column":8},"end":{"line":50,"column":19}},"loc":{"start":{"line":50,"column":47},"end":{"line":59,"column":null}}},"4":{"name":"(anonymous_14)","decl":{"start":{"line":64,"column":8},"end":{"line":64,"column":18}},"loc":{"start":{"line":64,"column":46},"end":{"line":87,"column":null}}},"5":{"name":"(anonymous_16)","decl":{"start":{"line":92,"column":8},"end":{"line":92,"column":22}},"loc":{"start":{"line":92,"column":50},"end":{"line":111,"column":null}}},"6":{"name":"(anonymous_18)","decl":{"start":{"line":116,"column":8},"end":{"line":116,"column":19}},"loc":{"start":{"line":116,"column":47},"end":{"line":137,"column":null}}},"7":{"name":"(anonymous_20)","decl":{"start":{"line":142,"column":8},"end":{"line":142,"column":27}},"loc":{"start":{"line":142,"column":55},"end":{"line":151,"column":null}}}},"branchMap":{"0":{"loc":{"start":{"line":18,"column":15},"end":{"line":18,"column":80}},"type":"cond-expr","locations":[{"start":{"line":18,"column":40},"end":{"line":18,"column":53}},{"start":{"line":18,"column":56},"end":{"line":18,"column":80}}]},"1":{"loc":{"start":{"line":33,"column":6},"end":{"line":36,"column":7}},"type":"if","locations":[{"start":{"line":33,"column":6},"end":{"line":36,"column":7}}]},"2":{"loc":{"start":{"line":40,"column":44},"end":{"line":40,"column":90}},"type":"cond-expr","locations":[{"start":{"line":40,"column":69},"end":{"line":40,"column":82}},{"start":{"line":40,"column":85},"end":{"line":40,"column":90}}]},"3":{"loc":{"start":{"line":42,"column":15},"end":{"line":42,"column":82}},"type":"cond-expr","locations":[{"start":{"line":42,"column":40},"end":{"line":42,"column":53}},{"start":{"line":42,"column":56},"end":{"line":42,"column":82}}]},"4":{"loc":{"start":{"line":56,"column":15},"end":{"line":56,"column":84}},"type":"cond-expr","locations":[{"start":{"line":56,"column":40},"end":{"line":56,"column":53}},{"start":{"line":56,"column":56},"end":{"line":56,"column":84}}]},"5":{"loc":{"start":{"line":71,"column":6},"end":{"line":74,"column":7}},"type":"if","locations":[{"start":{"line":71,"column":6},"end":{"line":74,"column":7}}]},"6":{"loc":{"start":{"line":76,"column":6},"end":{"line":76,"column":41}},"type":"if","locations":[{"start":{"line":76,"column":6},"end":{"line":76,"column":41}}]},"7":{"loc":{"start":{"line":77,"column":6},"end":{"line":77,"column":47}},"type":"if","locations":[{"start":{"line":77,"column":6},"end":{"line":77,"column":47}}]},"8":{"loc":{"start":{"line":84,"column":15},"end":{"line":84,"column":85}},"type":"cond-expr","locations":[{"start":{"line":84,"column":40},"end":{"line":84,"column":53}},{"start":{"line":84,"column":56},"end":{"line":84,"column":85}}]},"9":{"loc":{"start":{"line":95,"column":21},"end":{"line":95,"column":33}},"type":"cond-expr","locations":[{"start":{"line":95,"column":29},"end":{"line":95,"column":31}},{"start":{"line":95,"column":29},"end":{"line":95,"column":33}}]},"10":{"loc":{"start":{"line":95,"column":21},"end":{"line":95,"column":31}},"type":"binary-expr","locations":[{"start":{"line":95,"column":21},"end":{"line":95,"column":31}},{"start":{"line":95,"column":29},"end":{"line":95,"column":31}}]},"11":{"loc":{"start":{"line":97,"column":6},"end":{"line":100,"column":7}},"type":"if","locations":[{"start":{"line":97,"column":6},"end":{"line":100,"column":7}}]},"12":{"loc":{"start":{"line":108,"column":17},"end":{"line":108,"column":85}},"type":"cond-expr","locations":[{"start":{"line":108,"column":42},"end":{"line":108,"column":55}},{"start":{"line":108,"column":58},"end":{"line":108,"column":85}}]},"13":{"loc":{"start":{"line":119,"column":21},"end":{"line":119,"column":33}},"type":"cond-expr","locations":[{"start":{"line":119,"column":29},"end":{"line":119,"column":31}},{"start":{"line":119,"column":29},"end":{"line":119,"column":33}}]},"14":{"loc":{"start":{"line":119,"column":21},"end":{"line":119,"column":31}},"type":"binary-expr","locations":[{"start":{"line":119,"column":21},"end":{"line":119,"column":31}},{"start":{"line":119,"column":29},"end":{"line":119,"column":31}}]},"15":{"loc":{"start":{"line":121,"column":6},"end":{"line":124,"column":7}},"type":"if","locations":[{"start":{"line":121,"column":6},"end":{"line":124,"column":7}}]},"16":{"loc":{"start":{"line":132,"column":17},"end":{"line":134,"column":40}},"type":"cond-expr","locations":[{"start":{"line":133,"column":12},"end":{"line":133,"column":25}},{"start":{"line":134,"column":12},"end":{"line":134,"column":40}}]},"17":{"loc":{"start":{"line":148,"column":15},"end":{"line":148,"column":87}},"type":"cond-expr","locations":[{"start":{"line":148,"column":40},"end":{"line":148,"column":53}},{"start":{"line":148,"column":56},"end":{"line":148,"column":87}}]}},"s":{"0":1,"1":29,"2":4,"3":4,"4":4,"5":1,"6":3,"7":3,"8":3,"9":2,"10":2,"11":2,"12":2,"13":1,"14":1,"15":1,"16":1,"17":1,"18":2,"19":2,"20":1,"21":1,"22":5,"23":5,"24":5,"25":5,"26":5,"27":3,"28":3,"29":2,"30":2,"31":2,"32":2,"33":2,"34":1,"35":1,"36":4,"37":4,"38":4,"39":4,"40":1,"41":1,"42":3,"43":3,"44":1,"45":2,"46":4,"47":4,"48":4,"49":4,"50":1,"51":1,"52":3,"53":3,"54":1,"55":2,"56":3,"57":3,"58":1,"59":2,"60":1},"f":{"0":29,"1":4,"2":3,"3":2,"4":5,"5":4,"6":4,"7":3},"b":{"0":[2,1],"1":[1],"2":[1,0],"3":[1,0],"4":[1,0],"5":[3],"6":[2],"7":[2],"8":[1,0],"9":[1,3],"10":[4,4],"11":[1],"12":[2,0],"13":[1,3],"14":[4,4],"15":[1],"16":[2,0],"17":[1,1]}}
,"C:\\Users\\Usuario\\blog-api\\src\\infrastructure\\controllers\\UserController.ts": {"path":"C:\\Users\\Usuario\\blog-api\\src\\infrastructure\\controllers\\UserController.ts","statementMap":{"0":{"start":{"line":5,"column":31},"end":{"line":5,"column":55}},"1":{"start":{"line":11,"column":4},"end":{"line":23,"column":5}},"2":{"start":{"line":12,"column":29},"end":{"line":12,"column":50}},"3":{"start":{"line":14,"column":6},"end":{"line":17,"column":7}},"4":{"start":{"line":15,"column":8},"end":{"line":15,"column":63}},"5":{"start":{"line":16,"column":8},"end":{"line":16,"column":15}},"6":{"start":{"line":19,"column":20},"end":{"line":19,"column":56}},"7":{"start":{"line":20,"column":6},"end":{"line":20,"column":34}},"8":{"start":{"line":22,"column":6},"end":{"line":22,"column":63}},"9":{"start":{"line":26,"column":4},"end":{"line":41,"column":5}},"10":{"start":{"line":27,"column":21},"end":{"line":27,"column":31}},"11":{"start":{"line":28,"column":6},"end":{"line":31,"column":7}},"12":{"start":{"line":29,"column":8},"end":{"line":29,"column":59}},"13":{"start":{"line":30,"column":8},"end":{"line":30,"column":15}},"14":{"start":{"line":32,"column":19},"end":{"line":32,"column":62}},"15":{"start":{"line":33,"column":6},"end":{"line":37,"column":7}},"16":{"start":{"line":34,"column":8},"end":{"line":34,"column":35}},"17":{"start":{"line":36,"column":8},"end":{"line":36,"column":58}},"18":{"start":{"line":39,"column":6},"end":{"line":39,"column":62}},"19":{"start":{"line":48,"column":4},"end":{"line":92,"column":5}},"20":{"start":{"line":49,"column":21},"end":{"line":49,"column":31}},"21":{"start":{"line":50,"column":31},"end":{"line":50,"column":50}},"22":{"start":{"line":52,"column":6},"end":{"line":52,"column":66}},"23":{"start":{"line":55,"column":6},"end":{"line":59,"column":7}},"24":{"start":{"line":56,"column":8},"end":{"line":56,"column":46}},"25":{"start":{"line":57,"column":8},"end":{"line":57,"column":59}},"26":{"start":{"line":58,"column":8},"end":{"line":58,"column":15}},"27":{"start":{"line":62,"column":6},"end":{"line":66,"column":7}},"28":{"start":{"line":63,"column":8},"end":{"line":63,"column":90}},"29":{"start":{"line":64,"column":8},"end":{"line":64,"column":63}},"30":{"start":{"line":65,"column":8},"end":{"line":65,"column":15}},"31":{"start":{"line":69,"column":44},"end":{"line":69,"column":52}},"32":{"start":{"line":70,"column":6},"end":{"line":70,"column":68}},"33":{"start":{"line":73,"column":6},"end":{"line":77,"column":7}},"34":{"start":{"line":74,"column":8},"end":{"line":74,"column":53}},"35":{"start":{"line":75,"column":8},"end":{"line":75,"column":71}},"36":{"start":{"line":76,"column":8},"end":{"line":76,"column":15}},"37":{"start":{"line":80,"column":26},"end":{"line":84,"column":8}},"38":{"start":{"line":86,"column":6},"end":{"line":86,"column":61}},"39":{"start":{"line":88,"column":6},"end":{"line":88,"column":40}},"40":{"start":{"line":90,"column":6},"end":{"line":90,"column":59}},"41":{"start":{"line":91,"column":6},"end":{"line":91,"column":71}},"42":{"start":{"line":100,"column":4},"end":{"line":119,"column":5}},"43":{"start":{"line":101,"column":29},"end":{"line":101,"column":50}},"44":{"start":{"line":103,"column":6},"end":{"line":106,"column":7}},"45":{"start":{"line":104,"column":8},"end":{"line":104,"column":63}},"46":{"start":{"line":105,"column":8},"end":{"line":105,"column":15}},"47":{"start":{"line":108,"column":21},"end":{"line":108,"column":31}},"48":{"start":{"line":110,"column":6},"end":{"line":113,"column":7}},"49":{"start":{"line":111,"column":8},"end":{"line":111,"column":59}},"50":{"start":{"line":112,"column":8},"end":{"line":112,"column":15}},"51":{"start":{"line":115,"column":6},"end":{"line":115,"column":55}},"52":{"start":{"line":116,"column":6},"end":{"line":116,"column":68}},"53":{"start":{"line":118,"column":6},"end":{"line":118,"column":60}},"54":{"start":{"line":126,"column":4},"end":{"line":145,"column":5}},"55":{"start":{"line":127,"column":29},"end":{"line":127,"column":50}},"56":{"start":{"line":129,"column":6},"end":{"line":132,"column":7}},"57":{"start":{"line":130,"column":8},"end":{"line":130,"column":63}},"58":{"start":{"line":131,"column":8},"end":{"line":131,"column":15}},"59":{"start":{"line":134,"column":21},"end":{"line":134,"column":31}},"60":{"start":{"line":136,"column":6},"end":{"line":139,"column":7}},"61":{"start":{"line":137,"column":8},"end":{"line":137,"column":59}},"62":{"start":{"line":138,"column":8},"end":{"line":138,"column":15}},"63":{"start":{"line":141,"column":6},"end":{"line":141,"column":58}},"64":{"start":{"line":142,"column":6},"end":{"line":142,"column":70}},"65":{"start":{"line":144,"column":6},"end":{"line":144,"column":62}},"66":{"start":{"line":152,"column":4},"end":{"line":171,"column":5}},"67":{"start":{"line":153,"column":29},"end":{"line":153,"column":50}},"68":{"start":{"line":155,"column":6},"end":{"line":158,"column":7}},"69":{"start":{"line":156,"column":8},"end":{"line":156,"column":63}},"70":{"start":{"line":157,"column":8},"end":{"line":157,"column":15}},"71":{"start":{"line":160,"column":21},"end":{"line":160,"column":31}},"72":{"start":{"line":162,"column":6},"end":{"line":165,"column":7}},"73":{"start":{"line":163,"column":8},"end":{"line":163,"column":59}},"74":{"start":{"line":164,"column":8},"end":{"line":164,"column":15}},"75":{"start":{"line":167,"column":6},"end":{"line":167,"column":52}},"76":{"start":{"line":168,"column":6},"end":{"line":168,"column":29}},"77":{"start":{"line":170,"column":6},"end":{"line":170,"column":63}},"78":{"start":{"line":4,"column":0},"end":{"line":4,"column":13}}},"fnMap":{"0":{"name":"(anonymous_7)","decl":{"start":{"line":5,"column":2},"end":{"line":5,"column":31}},"loc":{"start":{"line":5,"column":55},"end":{"line":5,"column":59}}},"1":{"name":"(anonymous_8)","decl":{"start":{"line":10,"column":8},"end":{"line":10,"column":19}},"loc":{"start":{"line":10,"column":47},"end":{"line":24,"column":null}}},"2":{"name":"(anonymous_10)","decl":{"start":{"line":25,"column":8},"end":{"line":25,"column":20}},"loc":{"start":{"line":25,"column":48},"end":{"line":42,"column":null}}},"3":{"name":"(anonymous_12)","decl":{"start":{"line":47,"column":8},"end":{"line":47,"column":25}},"loc":{"start":{"line":47,"column":53},"end":{"line":93,"column":null}}},"4":{"name":"(anonymous_14)","decl":{"start":{"line":99,"column":8},"end":{"line":99,"column":15}},"loc":{"start":{"line":99,"column":43},"end":{"line":120,"column":null}}},"5":{"name":"(anonymous_16)","decl":{"start":{"line":125,"column":8},"end":{"line":125,"column":17}},"loc":{"start":{"line":125,"column":45},"end":{"line":146,"column":null}}},"6":{"name":"(anonymous_18)","decl":{"start":{"line":151,"column":8},"end":{"line":151,"column":18}},"loc":{"start":{"line":151,"column":46},"end":{"line":172,"column":null}}}},"branchMap":{"0":{"loc":{"start":{"line":14,"column":6},"end":{"line":17,"column":7}},"type":"if","locations":[{"start":{"line":14,"column":6},"end":{"line":17,"column":7}}]},"1":{"loc":{"start":{"line":28,"column":6},"end":{"line":31,"column":7}},"type":"if","locations":[{"start":{"line":28,"column":6},"end":{"line":31,"column":7}}]},"2":{"loc":{"start":{"line":28,"column":10},"end":{"line":28,"column":34}},"type":"binary-expr","locations":[{"start":{"line":28,"column":10},"end":{"line":28,"column":13}},{"start":{"line":28,"column":17},"end":{"line":28,"column":34}}]},"3":{"loc":{"start":{"line":33,"column":6},"end":{"line":37,"column":7}},"type":"if","locations":[{"start":{"line":33,"column":6},"end":{"line":37,"column":7}},{"start":{"line":35,"column":13},"end":{"line":37,"column":7}}]},"4":{"loc":{"start":{"line":55,"column":6},"end":{"line":59,"column":7}},"type":"if","locations":[{"start":{"line":55,"column":6},"end":{"line":59,"column":7}}]},"5":{"loc":{"start":{"line":55,"column":10},"end":{"line":55,"column":34}},"type":"binary-expr","locations":[{"start":{"line":55,"column":10},"end":{"line":55,"column":13}},{"start":{"line":55,"column":17},"end":{"line":55,"column":34}}]},"6":{"loc":{"start":{"line":62,"column":6},"end":{"line":66,"column":7}},"type":"if","locations":[{"start":{"line":62,"column":6},"end":{"line":66,"column":7}}]},"7":{"loc":{"start":{"line":73,"column":6},"end":{"line":77,"column":7}},"type":"if","locations":[{"start":{"line":73,"column":6},"end":{"line":77,"column":7}}]},"8":{"loc":{"start":{"line":73,"column":10},"end":{"line":73,"column":42}},"type":"binary-expr","locations":[{"start":{"line":73,"column":10},"end":{"line":73,"column":19}},{"start":{"line":73,"column":23},"end":{"line":73,"column":29}},{"start":{"line":73,"column":33},"end":{"line":73,"column":42}}]},"9":{"loc":{"start":{"line":103,"column":6},"end":{"line":106,"column":7}},"type":"if","locations":[{"start":{"line":103,"column":6},"end":{"line":106,"column":7}}]},"10":{"loc":{"start":{"line":110,"column":6},"end":{"line":113,"column":7}},"type":"if","locations":[{"start":{"line":110,"column":6},"end":{"line":113,"column":7}}]},"11":{"loc":{"start":{"line":110,"column":10},"end":{"line":110,"column":34}},"type":"binary-expr","locations":[{"start":{"line":110,"column":10},"end":{"line":110,"column":13}},{"start":{"line":110,"column":17},"end":{"line":110,"column":34}}]},"12":{"loc":{"start":{"line":129,"column":6},"end":{"line":132,"column":7}},"type":"if","locations":[{"start":{"line":129,"column":6},"end":{"line":132,"column":7}}]},"13":{"loc":{"start":{"line":136,"column":6},"end":{"line":139,"column":7}},"type":"if","locations":[{"start":{"line":136,"column":6},"end":{"line":139,"column":7}}]},"14":{"loc":{"start":{"line":136,"column":10},"end":{"line":136,"column":34}},"type":"binary-expr","locations":[{"start":{"line":136,"column":10},"end":{"line":136,"column":13}},{"start":{"line":136,"column":17},"end":{"line":136,"column":34}}]},"15":{"loc":{"start":{"line":155,"column":6},"end":{"line":158,"column":7}},"type":"if","locations":[{"start":{"line":155,"column":6},"end":{"line":158,"column":7}}]},"16":{"loc":{"start":{"line":162,"column":6},"end":{"line":165,"column":7}},"type":"if","locations":[{"start":{"line":162,"column":6},"end":{"line":165,"column":7}}]},"17":{"loc":{"start":{"line":162,"column":10},"end":{"line":162,"column":34}},"type":"binary-expr","locations":[{"start":{"line":162,"column":10},"end":{"line":162,"column":13}},{"start":{"line":162,"column":17},"end":{"line":162,"column":34}}]}},"s":{"0":21,"1":3,"2":3,"3":3,"4":1,"5":1,"6":2,"7":1,"8":1,"9":5,"10":5,"11":5,"12":2,"13":2,"14":3,"15":2,"16":1,"17":1,"18":1,"19":5,"20":5,"21":5,"22":2,"23":2,"24":0,"25":0,"26":0,"27":2,"28":1,"29":1,"30":1,"31":1,"32":1,"33":1,"34":0,"35":0,"36":0,"37":1,"38":1,"39":1,"40":3,"41":3,"42":4,"43":4,"44":4,"45":1,"46":1,"47":3,"48":3,"49":1,"50":1,"51":2,"52":1,"53":1,"54":4,"55":4,"56":4,"57":1,"58":1,"59":3,"60":3,"61":1,"62":1,"63":2,"64":1,"65":1,"66":0,"67":0,"68":0,"69":0,"70":0,"71":0,"72":0,"73":0,"74":0,"75":0,"76":0,"77":0,"78":1},"f":{"0":21,"1":3,"2":5,"3":5,"4":4,"5":4,"6":0},"b":{"0":[1],"1":[2],"2":[5,4],"3":[1,1],"4":[0],"5":[2,2],"6":[1],"7":[0],"8":[1,0,0],"9":[1],"10":[1],"11":[3,3],"12":[1],"13":[1],"14":[3,3],"15":[0],"16":[0],"17":[0,0]}}
}
